MW024191PC01.luhsads.luhs.org
MW031107PC02.luhsads.luhs.org
MW031117PC01.luhsads.luhs.org
MW0321612PC01.luhsads.luhs.org
MW0321618PC03.luhsads.luhs.org
MW0321636PC01.luhsads.luhs.org
MW0323237pc02.luhsads.luhs.org
MW0323238PC01.luhsads.luhs.org
MW0323243PC01.luhsads.luhs.org
MW0323245PC01.luhsads.luhs.org
MW0323247PC03.luhsads.luhs.org
MW0323343PC01.luhsads.luhs.org
MW0323346PC05.luhsads.luhs.org
MW1030029PC02.luhsads.luhs.org
MW1030030BPC01.luhsads.luhs.org
MW1030052PC01.luhsads.luhs.org
MW1030052PC05.luhsads.luhs.org
MW1070825PC01.luhsads.luhs.org
MW1070835PC03.luhsads.luhs.org
MW1071889PC02.luhsads.luhs.org
MW1071889PC06.luhsads.luhs.org
MW1101253PC03.luhsads.luhs.org
MW1500120PC01.luhsads.luhs.org
MW1500121PC02.luhsads.luhs.org
MW1500202PC01.luhsads.luhs.org
MW1500202PC02.luhsads.luhs.org
MW1501342PC01.luhsads.luhs.org
mw1501342pc02.luhsads.luhs.org
MW1502600PC06.luhsads.luhs.org
MW1502639PC01.luhsads.luhs.org
MW1502681PC02.luhsads.luhs.org
MW1502684PC02.luhsads.luhs.org
MW1502684PC03.luhsads.luhs.org
MW1502684PC04.luhsads.luhs.org
MW1502685PC02.luhsads.luhs.org
MW301CARDPC05.luhsads.luhs.org
MW301CARDPC12.luhsads.luhs.org
MW301CARDPC13.luhsads.luhs.org
MW301MAMPC03.luhsads.luhs.org
MW301MRIPC03.luhsads.luhs.org
MW301NUCPC03.luhsads.luhs.org
MW301RADPC05.luhsads.luhs.org
MW301RADPC07.luhsads.luhs.org
MW301RADPC10.luhsads.luhs.org
MW301RADPC12.luhsads.luhs.org
MWMNMAMODT04.luhsads.luhs.org
MWMNMAMODT05.luhsads.luhs.org
MWMNMAMODT06.luhsads.luhs.org
MWMNRADCTDT02.luhsads.luhs.org
MWOSIDTFDT05.luhsads.luhs.org
MWOSIDTFDT07.luhsads.luhs.org
MWOSIDTFDT08.luhsads.luhs.org
MWOSWOWLT09.luhsads.luhs.org
MWRPACS301US01.luhsads.luhs.org
